start calling mainMtdh method
---------------------INIT STARTED----------------------------
populateStopWords method :- 0.0022737979888916016 seconds
init train data length:- 299
populateInitTrainSet method :- 0.00037789344787597656 seconds
init test data length:- 8291
populateInitTestingSet method :- 0.015792131423950195 seconds
feature data length:- 307
populateFeatureWords method :- 0.0021660327911376953 seconds
feature data length:- 271
get_word_features method :- 0.0002410411834716797 seconds
init nltk.classify.apply_features :- 1.4066696166992188e-05 seconds
init nltk.NaiveBayesClassifier.train :- 0.09658098220825195 seconds
error:- -------------------------------------
__init__() got an unexpected keyword argument 'classifier'
Traceback (most recent call last):
  File "/Users/jaydeep/git/sentianalysis/sentimentanalysis/sentiscrape/senti_analysis_itr.py", line 308, in mainMtdh
    pos_results , neg_results, polarity_results = testInitData(classifier, test_mark_safe, stop_words, word_features,root_logger)
  File "/Users/jaydeep/git/sentianalysis/sentimentanalysis/sentiscrape/senti_analysis_itr.py", line 160, in testInitData
    polarity_analyzer = SentimentIntensityAnalyzer(classifier=classiFier)
TypeError: __init__() got an unexpected keyword argument 'classifier'
total time :- 0.11843514442443848 seconds
end calling mainMtdh method
